2023-08-05T00:21:11.686+03:00  INFO 18920 --- [main] ru.hogwarts.school.HogwartsApplication   : Starting HogwartsApplication using Java 19.0.1 with PID 18920 (Q:\Project\Spring\hogwarts\target\classes started by kanas in Q:\Project\Spring\hogwarts)
2023-08-05T00:21:11.703+03:00  INFO 18920 --- [main] ru.hogwarts.school.HogwartsApplication   : No active profile set, falling back to 1 default profile: "default"
2023-08-05T00:21:13.062+03:00  INFO 18920 --- [main] .s.d.r.c.RepositoryConfigurationDelegate : Bootstrapping Spring Data JPA repositories in DEFAULT mode.
2023-08-05T00:21:13.207+03:00  INFO 18920 --- [main] .s.d.r.c.RepositoryConfigurationDelegate : Finished Spring Data repository scanning in 128 ms. Found 3 JPA repository interfaces.
2023-08-05T00:21:14.212+03:00  INFO 18920 --- [main] o.s.b.w.embedded.tomcat.TomcatWebServer  : Tomcat initialized with port(s): 8080 (http)
2023-08-05T00:21:14.228+03:00  INFO 18920 --- [main] o.apache.catalina.core.StandardService   : Starting service [Tomcat]
2023-08-05T00:21:14.228+03:00  INFO 18920 --- [main] o.apache.catalina.core.StandardEngine    : Starting Servlet engine: [Apache Tomcat/10.1.10]
2023-08-05T00:21:14.385+03:00  INFO 18920 --- [main] o.a.c.c.C.[Tomcat].[localhost].[/]       : Initializing Spring embedded WebApplicationContext
2023-08-05T00:21:14.386+03:00  INFO 18920 --- [main] w.s.c.ServletWebServerApplicationContext : Root WebApplicationContext: initialization completed in 2597 ms
2023-08-05T00:21:14.656+03:00  INFO 18920 --- [main] o.hibernate.jpa.internal.util.LogHelper  : HHH000204: Processing PersistenceUnitInfo [name: default]
2023-08-05T00:21:14.750+03:00  INFO 18920 --- [main] org.hibernate.Version                    : HHH000412: Hibernate ORM core version 6.2.5.Final
2023-08-05T00:21:14.753+03:00  INFO 18920 --- [main] org.hibernate.cfg.Environment            : HHH000406: Using bytecode reflection optimizer
2023-08-05T00:21:14.984+03:00  INFO 18920 --- [main] o.h.b.i.BytecodeProviderInitiator        : HHH000021: Bytecode provider name : bytebuddy
2023-08-05T00:21:15.206+03:00  INFO 18920 --- [main] o.s.o.j.p.SpringPersistenceUnitInfo      : No LoadTimeWeaver setup: ignoring JPA class transformer
2023-08-05T00:21:15.236+03:00  INFO 18920 --- [main] com.zaxxer.hikari.HikariDataSource       : HikariPool-1 - Starting...
2023-08-05T00:21:15.624+03:00  INFO 18920 --- [main] com.zaxxer.hikari.pool.HikariPool        : HikariPool-1 - Added connection org.postgresql.jdbc.PgConnection@7f426ddd
2023-08-05T00:21:15.626+03:00  INFO 18920 --- [main] com.zaxxer.hikari.HikariDataSource       : HikariPool-1 - Start completed.
2023-08-05T00:21:16.241+03:00  INFO 18920 --- [main] o.h.b.i.BytecodeProviderInitiator        : HHH000021: Bytecode provider name : bytebuddy
2023-08-05T00:21:17.402+03:00  INFO 18920 --- [main] o.h.e.t.j.p.i.JtaPlatformInitiator       : HHH000490: Using JtaPlatform implementation: [org.hibernate.engine.transaction.jta.platform.internal.NoJtaPlatform]
2023-08-05T00:21:17.622+03:00  INFO 18920 --- [main] j.LocalContainerEntityManagerFactoryBean : Initialized JPA EntityManagerFactory for persistence unit 'default'
2023-08-05T00:21:18.580+03:00  WARN 18920 --- [main] JpaBaseConfiguration$JpaWebConfiguration : spring.jpa.open-in-view is enabled by default. Therefore, database queries may be performed during view rendering. Explicitly configure spring.jpa.open-in-view to disable this warning
2023-08-05T00:21:19.246+03:00  INFO 18920 --- [main] o.s.b.w.embedded.tomcat.TomcatWebServer  : Tomcat started on port(s): 8080 (http) with context path ''
2023-08-05T00:21:19.264+03:00  INFO 18920 --- [main] ru.hogwarts.school.HogwartsApplication   : Started HogwartsApplication in 8.257 seconds (process running for 13.625)
2023-08-05T00:48:46.923+03:00  INFO 18920 --- [SpringApplicationShutdownHook] j.LocalContainerEntityManagerFactoryBean : Closing JPA EntityManagerFactory for persistence unit 'default'
2023-08-05T00:48:46.931+03:00  INFO 18920 --- [SpringApplicationShutdownHook] com.zaxxer.hikari.HikariDataSource       : HikariPool-1 - Shutdown initiated...
2023-08-05T00:48:46.936+03:00  INFO 18920 --- [SpringApplicationShutdownHook] com.zaxxer.hikari.HikariDataSource       : HikariPool-1 - Shutdown completed.
